2024-06-07 15:31:12,660 INFO o.a.j.u.JMeterUtils: Setting Locale to en_EN
2024-06-07 15:31:12,717 INFO o.a.j.JMeter: Loading user properties from: user.properties
2024-06-07 15:31:12,718 INFO o.a.j.JMeter: Loading system properties from: system.properties
2024-06-07 15:31:12,726 INFO o.a.j.JMeter: Copyright (c) 1998-2024 The Apache Software Foundation
2024-06-07 15:31:12,726 INFO o.a.j.JMeter: Version 5.6.3
2024-06-07 15:31:12,726 INFO o.a.j.JMeter: java.version=11.0.21
2024-06-07 15:31:12,726 INFO o.a.j.JMeter: java.vm.name=Java HotSpot(TM) 64-Bit Server VM
2024-06-07 15:31:12,727 INFO o.a.j.JMeter: os.name=Windows 11
2024-06-07 15:31:12,727 INFO o.a.j.JMeter: os.arch=amd64
2024-06-07 15:31:12,727 INFO o.a.j.JMeter: os.version=10.0
2024-06-07 15:31:12,727 INFO o.a.j.JMeter: file.encoding=Cp1252
2024-06-07 15:31:12,727 INFO o.a.j.JMeter: java.awt.headless=true
2024-06-07 15:31:12,727 INFO o.a.j.JMeter: Max memory     =1073741824
2024-06-07 15:31:12,727 INFO o.a.j.JMeter: Available Processors =4
2024-06-07 15:31:12,758 INFO o.a.j.JMeter: Default Locale=English (EN)
2024-06-07 15:31:12,760 INFO o.a.j.JMeter: JMeter  Locale=English (EN)
2024-06-07 15:31:12,760 INFO o.a.j.JMeter: JMeterHome=C:\Users\KiwiTech\Downloads\apache-jmeter-5.6.3\apache-jmeter-5.6.3
2024-06-07 15:31:12,760 INFO o.a.j.JMeter: user.dir  =C:\Users\KiwiTech\Downloads\apache-jmeter-5.6.3\apache-jmeter-5.6.3\bin
2024-06-07 15:31:12,761 INFO o.a.j.JMeter: PWD       =C:\Users\KiwiTech\Downloads\apache-jmeter-5.6.3\apache-jmeter-5.6.3\bin
2024-06-07 15:31:12,762 INFO o.a.j.JMeter: IP: 192.168.1.7 Name: DESKTOP-E6VQPAT FullName: DESKTOP-E6VQPAT
2024-06-07 15:31:12,813 INFO o.a.j.s.FileServer: Default base='C:\Users\KiwiTech\Downloads\apache-jmeter-5.6.3\apache-jmeter-5.6.3\bin'
2024-06-07 15:31:12,818 INFO o.a.j.s.FileServer: Set new base='C:\Users\KiwiTech\Downloads\apache-jmeter-5.6.3\apache-jmeter-5.6.3\bin'
2024-06-07 15:31:13,223 INFO o.a.j.s.SaveService: Testplan (JMX) version: 2.2. Testlog (JTL) version: 2.2
2024-06-07 15:31:13,272 INFO o.a.j.s.SaveService: Using SaveService properties version 5.0
2024-06-07 15:31:13,283 INFO o.a.j.s.SaveService: Using SaveService properties file encoding UTF-8
2024-06-07 15:31:13,291 INFO o.a.j.s.SaveService: Loading file: 1.jmx
2024-06-07 15:31:13,466 INFO o.a.j.JMeter: Creating summariser <summary>
2024-06-07 15:31:13,521 INFO o.a.j.e.StandardJMeterEngine: Running the test!
2024-06-07 15:31:13,524 INFO o.a.j.s.SampleEvent: List of sample_variables: []
2024-06-07 15:31:13,524 INFO o.a.j.s.SampleEvent: List of sample_variables: []
2024-06-07 15:31:13,543 INFO o.a.j.e.u.CompoundVariable: Note: Function class names must contain the string: '.functions.'
2024-06-07 15:31:13,544 INFO o.a.j.e.u.CompoundVariable: Note: Function class names must not contain the string: '.gui.'
2024-06-07 15:31:14,197 INFO o.a.j.p.j.s.JavaSampler: Created class: org.apache.jmeter.protocol.java.test.JavaTest. Uses tearDownTest: 
2024-06-07 15:31:14,199 INFO o.a.j.p.j.s.JavaSampler: Created class: org.apache.jmeter.protocol.java.test.JavaTest. Uses tearDownTest: 
2024-06-07 15:31:14,199 INFO o.a.j.p.j.s.JavaSampler: Created class: org.apache.jmeter.protocol.java.test.JavaTest. Uses tearDownTest: 
2024-06-07 15:31:14,199 INFO o.a.j.p.j.s.JavaSampler: Created class: org.apache.jmeter.protocol.java.test.JavaTest. Uses tearDownTest: 
2024-06-07 15:31:14,226 INFO o.a.j.JMeter: Running test (1717754474226)
2024-06-07 15:31:14,254 INFO o.a.j.e.StandardJMeterEngine: Starting ThreadGroup: 1 : Thread Group
2024-06-07 15:31:14,255 INFO o.a.j.e.StandardJMeterEngine: Starting 1 threads for group Thread Group.
2024-06-07 15:31:14,255 INFO o.a.j.e.StandardJMeterEngine: Thread will continue on error
2024-06-07 15:31:14,255 INFO o.a.j.t.ThreadGroup: Starting thread group... number=1 threads=1 ramp-up=1 delayedStart=false
2024-06-07 15:31:14,268 INFO o.a.j.t.ThreadGroup: Started thread group number 1
2024-06-07 15:31:14,268 INFO o.a.j.e.StandardJMeterEngine: All thread groups have been started
2024-06-07 15:31:14,272 INFO o.a.j.t.JMeterThread: Thread started: Thread Group 1-1
2024-06-07 15:31:14,301 INFO o.a.j.s.SampleResult: Note: Sample TimeStamps are START times
2024-06-07 15:31:14,302 INFO o.a.j.s.SampleResult: sampleresult.default.encoding is set to UTF-8
2024-06-07 15:31:14,302 INFO o.a.j.s.SampleResult: sampleresult.useNanoTime=true
2024-06-07 15:31:14,302 INFO o.a.j.s.SampleResult: sampleresult.nanoThreadSleep=5000
2024-06-07 15:31:15,241 INFO o.a.j.t.JMeterThread: Thread is done: Thread Group 1-1
2024-06-07 15:31:15,241 INFO o.a.j.t.JMeterThread: Thread finished: Thread Group 1-1
2024-06-07 15:31:15,242 INFO o.a.j.e.StandardJMeterEngine: Notifying test listeners of end of test
2024-06-07 15:31:15,246 INFO o.a.j.r.Summariser: summary =      4 in 00:00:01 =    3.9/s Avg:   232 Min:   130 Max:   275 Err:     0 (0.00%)
